\BOOKMARK [1][-]{section*.1}{\376\377\000V\000l\000a\000c\000h\000o\000s\000\040\000H\000a\000r\000a\000l\000a\000m\000p\000o\000s\000\040\000G\000e\000o\000r\000g\000i\000o\000s}{}% 1
\BOOKMARK [2][-]{section*.2}{\376\377\000J\000u\000n\000i\000o\000r\000\040\000S\000o\000f\000t\000w\000a\000r\000e\000\040\000D\000e\000v\000e\000l\000o\000p\000e\000r}{section*.1}% 2
\BOOKMARK [2][-]{section*.3}{\376\377\000E\000d\000u\000c\000a\000t\000i\000o\000n}{section*.1}% 3
\BOOKMARK [2][-]{section*.6}{\376\377\000L\000a\000n\000g\000u\000a\000g\000e\000s}{section*.1}% 4
\BOOKMARK [2][-]{section*.7}{\376\377\000I\000n\000t\000e\000r\000e\000s\000t\000s}{section*.1}% 5
\BOOKMARK [2][-]{section*.8}{\376\377\000\040\000A\000b\000o\000u\000t\000\040\000m\000e}{section*.1}% 6
\BOOKMARK [2][-]{section*.9}{\376\377\000\040\000E\000x\000p\000e\000r\000i\000e\000n\000c\000e\000s}{section*.1}% 7
\BOOKMARK [3][-]{section*.10}{\376\377\000F\000r\000e\000e\000l\000a\000n\000c\000e\000\040\000P\000r\000o\000g\000r\000a\000m\000m\000e\000r}{section*.9}% 8
\BOOKMARK [2][-]{section*.11}{\376\377\000\040\000P\000r\000o\000j\000e\000c\000t\000s}{section*.1}% 9
\BOOKMARK [2][-]{section*.12}{\376\377\000\040\000P\000u\000b\000l\000i\000c\000a\000t\000i\000o\000n\000s}{section*.1}% 10
\BOOKMARK [2][-]{section*.13}{\376\377\000\040\000P\000r\000o\000g\000r\000a\000m\000m\000i\000n\000g\000\040\000S\000k\000i\000l\000l\000s}{section*.1}% 11
\BOOKMARK [3][-]{section*.14}{\376\377\000P\000y\000t\000h\000o\000n\000\040\000\046\000\040\000D\000j\000a\000n\000g\000o}{section*.13}% 12
\BOOKMARK [3][-]{section*.15}{\376\377\000J\000a\000v\000a\000s\000c\000r\000i\000p\000t\000\040\000\046\000\040\000j\000Q\000u\000e\000r\000y}{section*.13}% 13
\BOOKMARK [3][-]{section*.16}{\376\377\000A\000n\000g\000u\000l\000a\000r}{section*.13}% 14
\BOOKMARK [3][-]{section*.17}{\376\377\000H\000T\000M\000L\0005\000\040\000\046\000\040\000C\000S\000S}{section*.13}% 15
\BOOKMARK [3][-]{section*.18}{\376\377\000R\000u\000b\000y\000\040\000o\000n\000\040\000R\000a\000i\000l\000s}{section*.13}% 16
\BOOKMARK [3][-]{section*.19}{\376\377\000C}{section*.13}% 17
\BOOKMARK [3][-]{section*.20}{\376\377\000M\000y\000S\000Q\000L}{section*.13}% 18
\BOOKMARK [3][-]{section*.21}{\376\377\000S\000Q\000L\000\040\000D\000e\000v\000e\000l\000o\000p\000e\000r}{section*.13}% 19
\BOOKMARK [3][-]{section*.22}{\376\377\000L\000i\000n\000u\000x\000\040\000e\000n\000v\000i\000r\000o\000m\000e\000n\000t}{section*.13}% 20
